<?xml version="1.0" encoding="UTF-8"?>
<coverage generated="1614870310480" clover="3.2.0">
  <project timestamp="1614870310481" name="All files">
    <metrics statements="29" coveredstatements="22" conditionals="6" coveredconditionals="4" methods="13" coveredmethods="10" elements="48" coveredelements="36" complexity="0" loc="29" ncloc="29" packages="4" files="5" classes="5">
      <package name="Nextjs-Redux-Jest-Enzyme">
        <metrics statements="1" coveredstatements="1" conditionals="0" coveredconditionals="0" methods="0" coveredmethods="0"/>
        <file name="jest.setup.js" path="/home/daffolap-398/Desktop/Nextjs-Redux-Jest-Enzyme/jest.setup.js">
          <metrics statements="1" coveredstatements="1" conditionals="0" coveredconditionals="0" methods="0" coveredmethods="0"/>
          <line num="4" count="3" type="stmt"/>
        </file>
      </package>
      <package name="Nextjs-Redux-Jest-Enzyme.actions">
        <metrics statements="5" coveredstatements="3" conditionals="0" coveredconditionals="0" methods="3" coveredmethods="1"/>
        <file name="index.js" path="/home/daffolap-398/Desktop/Nextjs-Redux-Jest-Enzyme/actions/index.js">
          <metrics statements="3" coveredstatements="1" conditionals="0" coveredconditionals="0" methods="3" coveredmethods="1"/>
          <line num="4" count="0" type="stmt"/>
          <line num="5" count="0" type="stmt"/>
          <line num="13" count="11" type="stmt"/>
        </file>
        <file name="types.js" path="/home/daffolap-398/Desktop/Nextjs-Redux-Jest-Enzyme/actions/types.js">
          <metrics statements="2" coveredstatements="2" conditionals="0" coveredconditionals="0" methods="0" coveredmethods="0"/>
          <line num="2" count="2" type="stmt"/>
          <line num="3" count="2" type="stmt"/>
        </file>
      </package>
      <package name="Nextjs-Redux-Jest-Enzyme.components">
        <metrics statements="13" coveredstatements="13" conditionals="6" coveredconditionals="4" methods="6" coveredmethods="6"/>
        <file name="messageList.js" path="/home/daffolap-398/Desktop/Nextjs-Redux-Jest-Enzyme/components/messageList.js">
          <metrics statements="13" coveredstatements="13" conditionals="6" coveredconditionals="4" methods="6" coveredmethods="6"/>
          <line num="9" count="11" type="stmt"/>
          <line num="11" count="11" type="stmt"/>
          <line num="12" count="11" type="stmt"/>
          <line num="16" count="2" type="cond" truecount="1" falsecount="1"/>
          <line num="17" count="2" type="stmt"/>
          <line num="22" count="12" type="stmt"/>
          <line num="23" count="12" type="cond" truecount="1" falsecount="1"/>
          <line num="27" count="9" type="stmt"/>
          <line num="29" count="9" type="stmt"/>
          <line num="31" count="2" type="cond" truecount="2" falsecount="0"/>
          <line num="37" count="2" type="stmt"/>
          <line num="41" count="2" type="stmt"/>
          <line num="45" count="7" type="stmt"/>
        </file>
      </package>
      <package name="Nextjs-Redux-Jest-Enzyme.pages">
        <metrics statements="10" coveredstatements="5" conditionals="0" coveredconditionals="0" methods="4" coveredmethods="3"/>
        <file name="index.js" path="/home/daffolap-398/Desktop/Nextjs-Redux-Jest-Enzyme/pages/index.js">
          <metrics statements="10" coveredstatements="5" conditionals="0" coveredconditionals="0" methods="4" coveredmethods="3"/>
          <line num="9" count="7" type="stmt"/>
          <line num="11" count="7" type="stmt"/>
          <line num="17" count="2" type="stmt"/>
          <line num="21" count="0" type="stmt"/>
          <line num="23" count="0" type="stmt"/>
          <line num="24" count="0" type="stmt"/>
          <line num="26" count="0" type="stmt"/>
          <line num="27" count="0" type="stmt"/>
          <line num="31" count="9" type="stmt"/>
          <line num="33" count="9" type="stmt"/>
        </file>
      </package>
    </metrics>
  </project>
</coverage>
