{"/home/daffolap-398/Desktop/Nextjs-Redux-Jest-Enzyme/jest.setup.js": {"path":"/home/daffolap-398/Desktop/Nextjs-Redux-Jest-Enzyme/jest.setup.js","statementMap":{"0":{"start":{"line":4,"column":0},"end":{"line":4,"column":37}}},"fnMap":{},"branchMap":{},"s":{"0":3},"f":{},"b":{},"_coverageSchema":"332fd63041d2c1bcb487cc26dd0d5f7d97098a6c","hash":"fa37d716e5e86bc3a134b60e8b71c7bee7e6af5b"}
,"/home/daffolap-398/Desktop/Nextjs-Redux-Jest-Enzyme/actions/index.js": {"path":"/home/daffolap-398/Desktop/Nextjs-Redux-Jest-Enzyme/actions/index.js","statementMap":{"0":{"start":{"line":4,"column":2},"end":{"line":9,"column":3}},"1":{"start":{"line":5,"column":3},"end":{"line":8,"column":6}},"2":{"start":{"line":13,"column":2},"end":{"line":13,"column":39}}},"fnMap":{"0":{"name":"updateMessageList","decl":{"start":{"line":3,"column":16},"end":{"line":3,"column":33}},"loc":{"start":{"line":3,"column":40},"end":{"line":10,"column":1}},"line":3},"1":{"name":"(anonymous_1)","decl":{"start":{"line":4,"column":9},"end":{"line":4,"column":10}},"loc":{"start":{"line":4,"column":33},"end":{"line":9,"column":2}},"line":4},"2":{"name":"loadMessageList","decl":{"start":{"line":12,"column":16},"end":{"line":12,"column":31}},"loc":{"start":{"line":12,"column":34},"end":{"line":14,"column":1}},"line":12}},"branchMap":{},"s":{"0":0,"1":0,"2":11},"f":{"0":0,"1":0,"2":11},"b":{},"_coverageSchema":"332fd63041d2c1bcb487cc26dd0d5f7d97098a6c","hash":"9b63c72ead1f6ced34e4c0d01837b7b8f4482fa2"}
,"/home/daffolap-398/Desktop/Nextjs-Redux-Jest-Enzyme/actions/types.js": {"path":"/home/daffolap-398/Desktop/Nextjs-Redux-Jest-Enzyme/actions/types.js","statementMap":{"0":{"start":{"line":2,"column":35},"end":{"line":2,"column":56}},"1":{"start":{"line":3,"column":33},"end":{"line":3,"column":52}}},"fnMap":{},"branchMap":{},"s":{"0":2,"1":2},"f":{},"b":{},"_coverageSchema":"332fd63041d2c1bcb487cc26dd0d5f7d97098a6c","hash":"e843d093eb87f9354f5c2d4f2c875460719cee4c"}
,"/home/daffolap-398/Desktop/Nextjs-Redux-Jest-Enzyme/components/messageList.js": {"path":"/home/daffolap-398/Desktop/Nextjs-Redux-Jest-Enzyme/components/messageList.js","statementMap":{"0":{"start":{"line":9,"column":25},"end":{"line":9,"column":35}},"1":{"start":{"line":11,"column":4},"end":{"line":11,"column":32}},"2":{"start":{"line":12,"column":4},"end":{"line":12,"column":26}},"3":{"start":{"line":16,"column":4},"end":{"line":18,"column":5}},"4":{"start":{"line":17,"column":6},"end":{"line":17,"column":28}},"5":{"start":{"line":22,"column":17},"end":{"line":22,"column":56}},"6":{"start":{"line":23,"column":4},"end":{"line":23,"column":48}},"7":{"start":{"line":27,"column":28},"end":{"line":27,"column":38}},"8":{"start":{"line":29,"column":4},"end":{"line":33,"column":6}},"9":{"start":{"line":31,"column":64},"end":{"line":31,"column":91}},"10":{"start":{"line":37,"column":0},"end":{"line":39,"column":2}},"11":{"start":{"line":41,"column":0},"end":{"line":43,"column":2}},"12":{"start":{"line":45,"column":24},"end":{"line":47,"column":2}},"13":{"start":{"line":45,"column":34},"end":{"line":47,"column":1}}},"fnMap":{"0":{"name":"(anonymous_0)","decl":{"start":{"line":8,"column":2},"end":{"line":8,"column":3}},"loc":{"start":{"line":8,"column":22},"end":{"line":13,"column":3}},"line":8},"1":{"name":"(anonymous_1)","decl":{"start":{"line":15,"column":2},"end":{"line":15,"column":3}},"loc":{"start":{"line":15,"column":43},"end":{"line":19,"column":3}},"line":15},"2":{"name":"(anonymous_2)","decl":{"start":{"line":21,"column":19},"end":{"line":21,"column":20}},"loc":{"start":{"line":21,"column":25},"end":{"line":24,"column":3}},"line":21},"3":{"name":"(anonymous_3)","decl":{"start":{"line":26,"column":2},"end":{"line":26,"column":3}},"loc":{"start":{"line":26,"column":11},"end":{"line":34,"column":3}},"line":26},"4":{"name":"(anonymous_4)","decl":{"start":{"line":31,"column":40},"end":{"line":31,"column":41}},"loc":{"start":{"line":31,"column":64},"end":{"line":31,"column":91}},"line":31},"5":{"name":"(anonymous_5)","decl":{"start":{"line":45,"column":24},"end":{"line":45,"column":25}},"loc":{"start":{"line":45,"column":34},"end":{"line":47,"column":1}},"line":45}},"branchMap":{"0":{"loc":{"start":{"line":16,"column":4},"end":{"line":18,"column":5}},"type":"if","locations":[{"start":{"line":16,"column":4},"end":{"line":18,"column":5}},{"start":{"line":16,"column":4},"end":{"line":18,"column":5}}],"line":16},"1":{"loc":{"start":{"line":23,"column":4},"end":{"line":23,"column":47}},"type":"binary-expr","locations":[{"start":{"line":23,"column":4},"end":{"line":23,"column":8}},{"start":{"line":23,"column":12},"end":{"line":23,"column":47}}],"line":23},"2":{"loc":{"start":{"line":31,"column":9},"end":{"line":31,"column":92}},"type":"binary-expr","locations":[{"start":{"line":31,"column":9},"end":{"line":31,"column":20}},{"start":{"line":31,"column":24},"end":{"line":31,"column":92}}],"line":31}},"s":{"0":11,"1":11,"2":11,"3":2,"4":2,"5":12,"6":12,"7":9,"8":9,"9":2,"10":2,"11":2,"12":2,"13":7},"f":{"0":11,"1":2,"2":12,"3":9,"4":2,"5":7},"b":{"0":[2,0],"1":[12,0],"2":[9,9]},"_coverageSchema":"332fd63041d2c1bcb487cc26dd0d5f7d97098a6c","hash":"b70147deb645b15332f358b26494f52a4540e51e"}
,"/home/daffolap-398/Desktop/Nextjs-Redux-Jest-Enzyme/pages/index.js": {"path":"/home/daffolap-398/Desktop/Nextjs-Redux-Jest-Enzyme/pages/index.js","statementMap":{"0":{"start":{"line":9,"column":4},"end":{"line":9,"column":17}},"1":{"start":{"line":11,"column":4},"end":{"line":13,"column":5}},"2":{"start":{"line":17,"column":4},"end":{"line":17,"column":50}},"3":{"start":{"line":21,"column":4},"end":{"line":21,"column":27}},"4":{"start":{"line":23,"column":24},"end":{"line":23,"column":34}},"5":{"start":{"line":24,"column":25},"end":{"line":24,"column":35}},"6":{"start":{"line":26,"column":4},"end":{"line":26,"column":41}},"7":{"start":{"line":27,"column":4},"end":{"line":27,"column":35}},"8":{"start":{"line":31,"column":24},"end":{"line":31,"column":34}},"9":{"start":{"line":33,"column":4},"end":{"line":47,"column":6}}},"fnMap":{"0":{"name":"(anonymous_0)","decl":{"start":{"line":8,"column":2},"end":{"line":8,"column":3}},"loc":{"start":{"line":8,"column":21},"end":{"line":14,"column":3}},"line":8},"1":{"name":"(anonymous_1)","decl":{"start":{"line":16,"column":24},"end":{"line":16,"column":25}},"loc":{"start":{"line":16,"column":35},"end":{"line":18,"column":3}},"line":16},"2":{"name":"(anonymous_2)","decl":{"start":{"line":20,"column":16},"end":{"line":20,"column":17}},"loc":{"start":{"line":20,"column":27},"end":{"line":28,"column":3}},"line":20},"3":{"name":"(anonymous_3)","decl":{"start":{"line":30,"column":2},"end":{"line":30,"column":3}},"loc":{"start":{"line":30,"column":11},"end":{"line":48,"column":3}},"line":30}},"branchMap":{},"s":{"0":7,"1":7,"2":2,"3":0,"4":0,"5":0,"6":0,"7":0,"8":9,"9":9},"f":{"0":7,"1":2,"2":0,"3":9},"b":{},"_coverageSchema":"332fd63041d2c1bcb487cc26dd0d5f7d97098a6c","hash":"be9434ca71aeb46738f15acbcfcad6cfc1b69b45"}
}
