TN:
SF:/home/daffolap-398/Desktop/Nextjs-Redux-Jest-Enzyme/jest.setup.js
FNF:0
FNH:0
DA:4,3
LF:1
LH:1
BRF:0
BRH:0
end_of_record
TN:
SF:/home/daffolap-398/Desktop/Nextjs-Redux-Jest-Enzyme/actions/index.js
FN:3,updateMessageList
FN:4,(anonymous_1)
FN:12,loadMessageList
FNF:3
FNH:1
FNDA:0,updateMessageList
FNDA:0,(anonymous_1)
FNDA:11,loadMessageList
DA:4,0
DA:5,0
DA:13,11
LF:3
LH:1
BRF:0
BRH:0
end_of_record
TN:
SF:/home/daffolap-398/Desktop/Nextjs-Redux-Jest-Enzyme/actions/types.js
FNF:0
FNH:0
DA:2,2
DA:3,2
LF:2
LH:2
BRF:0
BRH:0
end_of_record
TN:
SF:/home/daffolap-398/Desktop/Nextjs-Redux-Jest-Enzyme/components/messageList.js
FN:8,(anonymous_0)
FN:15,(anonymous_1)
FN:21,(anonymous_2)
FN:26,(anonymous_3)
FN:31,(anonymous_4)
FN:45,(anonymous_5)
FNF:6
FNH:6
FNDA:11,(anonymous_0)
FNDA:2,(anonymous_1)
FNDA:12,(anonymous_2)
FNDA:9,(anonymous_3)
FNDA:2,(anonymous_4)
FNDA:7,(anonymous_5)
DA:9,11
DA:11,11
DA:12,11
DA:16,2
DA:17,2
DA:22,12
DA:23,12
DA:27,9
DA:29,9
DA:31,2
DA:37,2
DA:41,2
DA:45,7
LF:13
LH:13
BRDA:16,0,0,2
BRDA:16,0,1,0
BRDA:23,1,0,12
BRDA:23,1,1,0
BRDA:31,2,0,9
BRDA:31,2,1,9
BRF:6
BRH:4
end_of_record
TN:
SF:/home/daffolap-398/Desktop/Nextjs-Redux-Jest-Enzyme/pages/index.js
FN:8,(anonymous_0)
FN:16,(anonymous_1)
FN:20,(anonymous_2)
FN:30,(anonymous_3)
FNF:4
FNH:3
FNDA:7,(anonymous_0)
FNDA:2,(anonymous_1)
FNDA:0,(anonymous_2)
FNDA:9,(anonymous_3)
DA:9,7
DA:11,7
DA:17,2
DA:21,0
DA:23,0
DA:24,0
DA:26,0
DA:27,0
DA:31,9
DA:33,9
LF:10
LH:5
BRF:0
BRH:0
end_of_record
